^^.js:45 ≧◔◡◔≦ Requesting new instance from level... <  < <<PLEASE WAIT>> >  >
redux-logger.js:1  action LOAD_LEVEL_INSTANCE @ 11:47:24.442
^^.js:140 ⛏️ Sent transaction ⛏ undefined/tx/0x37aaa4202b97404d1e65cc6787c6d851f67d26b62931e10314edaebfcca33ebf
^^.js:35 => Instance address0x5d424b534F9c23A70990CB330a922C77947c97Db
redux-logger.js:1  action LOAD_LEVEL_INSTANCE @ 11:47:32.174
^^.js:140 ⛏️ Mined transaction ⛏ undefined/tx/0x37aaa4202b97404d1e65cc6787c6d851f67d26b62931e10314edaebfcca33ebf
redux-logger.js:1  action SET_BLOCK_NUM @ 11:47:38.012
contract
TruffleContract {methods: {…}, abi: Array(11), address: "0x5d424b534F9c23A70990CB330a922C77947c97Db", transactionHash: undefined, constructor: ƒ, …}
await contract.info()
"You will find what you need in info1()."
await contract.info1()
"Try info2(), but with \"hello\" as a parameter."
await contract.info2("hello")
"The property infoNum holds the number of the next info method to call."
await contract.infoNum()
BN {negative: 0, words: Array(2), length: 1, red: null}length: 1negative: 0red: nullwords: Array(2)0: 42length: 2__proto__: Array(0)__proto__: Object
await contract.info42()
"theMethodName is the name of the next method."
await contract.theMethodName()
"The method name is method7123949."
await contract.method7123949()
"If you know the password, submit it to authenticate()."
await contract.password()
"ethernaut0"
await contract.authenticate("ethernaut0")
^^.js:140 ⛏️ Sent transaction ⛏ undefined/tx/0xd3a3ea70ca6d93e9ab92a6b054e9c86a6a818a33c7bb1ace0670e98c2eca2932
{tx: "0xd3a3ea70ca6d93e9ab92a6b054e9c86a6a818a33c7bb1ace0670e98c2eca2932", receipt: {…}, logs: Array(0)}
^^.js:140 ⛏️ Mined transaction ⛏ undefined/tx/0xd3a3ea70ca6d93e9ab92a6b054e9c86a6a818a33c7bb1ace0670e98c2eca2932
redux-logger.js:1  action SET_BLOCK_NUM @ 11:49:48.014
^^.js:45 龴ↀ◡ↀ龴 Submitting level instance... <  < <<PLEASE WAIT>> >  >
redux-logger.js:1  action SUBMIT_LEVEL_INSTANCE @ 11:49:59.478
^^.js:140 ⛏️ Sent transaction ⛏ undefined/tx/0xce7b2908a464bc855fc8cfc7ec9ce705454c024652e7d67af0208438c8098cf6
^^.js:73 ヽ(￣(ｴ)￣)ﾉ Well done, You have completed this level!!!
^^.js:73 ヽ(￣(ｴ)￣)ﾉ Well done, You have completed this level!!!
^^.js:73 ヽ(￣(ｴ)￣)ﾉ Well done, You have completed this level!!!
^^.js:73 ヽ(￣(ｴ)￣)ﾉ Well done, You have completed this level!!!
^^.js:73 ヽ(￣(ｴ)￣)ﾉ Well done, You have completed this level!!!
^^.js:73 ヽ(￣(ｴ)￣)ﾉ Well done, You have completed this level!!!
^^.js:73 ヽ(￣(ｴ)￣)ﾉ Well done, You have completed this level!!!
^^.js:73 ヽ(￣(ｴ)￣)ﾉ Well done, You have completed this level!!!
redux-logger.js:1  action SUBMIT_LEVEL_INSTANCE @ 11:50:13.145
^^.js:73 ヽ(￣(ｴ)￣)ﾉ Well done, You have completed this level!!!
^^.js:73 ヽ(￣(ｴ)￣)ﾉ Well done, You have completed this level!!!
^^.js:140 ⛏️ Mined transaction ⛏ undefined/tx/0xce7b2908a464bc855fc8cfc7ec9ce705454c024652e7d67af0208438c8098cf6
^^.js:73 ヽ(￣(ｴ)￣)ﾉ Well done, You have completed this level!!!
^^.js:73 ヽ(￣(ｴ)￣)ﾉ Well done, You have completed this level!!!
^^.js:73 ヽ(￣(ｴ)￣)ﾉ Well done, You have completed this level!!!
^^.js:73 ヽ(￣(ｴ)￣)ﾉ Well done, You have completed this level!!!
^^.js:73 ヽ(￣(ｴ)￣)ﾉ Well done, You have completed this level!!!
^^.js:73 ヽ(￣(ｴ)￣)ﾉ Well done, You have completed this level!!!
^^.js:73 ヽ(￣(ｴ)￣)ﾉ Well done, You have completed this level!!!
^^.js:73 ヽ(￣(ｴ)￣)ﾉ Well done, You have completed this level!!!
^^.js:73 ヽ(￣(ｴ)￣)ﾉ Well done, You have completed this level!!!
^^.js:73 ヽ(￣(ｴ)￣)ﾉ Well done, You have completed this level!!!
^^.js:56 
redux-logger.js:1  action SET_BLOCK_NUM @ 11:50:18.041
