(await contract.balanceOf(player)).toString();
"20"
redux-logger.js:1  action SET_BLOCK_NUM @ 16:16:13.064
await contract.transfer("0x70997970C51812dc3A010C7d01b50e0d17dc79C8", "25");
^^.js:140 ⛏️ Sent transaction ⛏ undefined/tx/0x554ba66d04bad10a5151b89d2d3f3e5be6decbd7d585ddd298ba77a98a0d9ab4
{tx: "0x554ba66d04bad10a5151b89d2d3f3e5be6decbd7d585ddd298ba77a98a0d9ab4", receipt: {…}, logs: Array(0)}
^^.js:140 ⛏️ Mined transaction ⛏ undefined/tx/0x554ba66d04bad10a5151b89d2d3f3e5be6decbd7d585ddd298ba77a98a0d9ab4
redux-logger.js:1  action SET_BLOCK_NUM @ 16:16:53.104
(await contract.balanceOf(player)).toString();
"115792089237316195423570985008687907853269984665640564039457584007913129639931"
^^.js:45 ☚ (<‿<)☚ 正在提交关卡实例... <  < <<请稍等>> >  >
redux-logger.js:1  action SUBMIT_LEVEL_INSTANCE @ 16:16:55.892
^^.js:140 ⛏️ Sent transaction ⛏ undefined/tx/0xe1217a6433af0eef863de2914cc290e95bea3e3a2d4ea4a0125243207684efc5
^^.js:73 【ツ】 牛逼！, 你通过了这关!!!
^^.js:73 【ツ】 牛逼！, 你通过了这关!!!
^^.js:73 【ツ】 牛逼！, 你通过了这关!!!
^^.js:73 【ツ】 牛逼！, 你通过了这关!!!
redux-logger.js:1  action SUBMIT_LEVEL_INSTANCE @ 16:17:09.459
^^.js:73 【ツ】 牛逼！, 你通过了这关!!!
^^.js:73 【ツ】 牛逼！, 你通过了这关!!!
^^.js:73 【ツ】 牛逼！, 你通过了这关!!!
^^.js:73 【ツ】 牛逼！, 你通过了这关!!!
^^.js:140 ⛏️ Mined transaction ⛏ undefined/tx/0xe1217a6433af0eef863de2914cc290e95bea3e3a2d4ea4a0125243207684efc5
^^.js:73 【ツ】 牛逼！, 你通过了这关!!!
^^.js:73 【ツ】 牛逼！, 你通过了这关!!!
^^.js:73 【ツ】 牛逼！, 你通过了这关!!!
^^.js:73 【ツ】 牛逼！, 你通过了这关!!!
^^.js:73 【ツ】 牛逼！, 你通过了这关!!!
^^.js:73 【ツ】 牛逼！, 你通过了这关!!!
^^.js:73 【ツ】 牛逼！, 你通过了这关!!!
^^.js:73 【ツ】 牛逼！, 你通过了这关!!!
^^.js:73 【ツ】 牛逼！, 你通过了这关!!!
^^.js:73 【ツ】 牛逼！, 你通过了这关!!!
^^.js:73 【ツ】 牛逼！, 你通过了这关!!!
^^.js:73 【ツ】 牛逼！, 你通过了这关!!!
^^.js:56 
redux-logger.js:1  action SET_BLOCK_NUM @ 16:17:13.108
