^^.js:45 ╚(▲_▲)╝ 正在从关卡获得新的实例... <  < <<请稍等>> >  >
redux-logger.js:1  action LOAD_LEVEL_INSTANCE @ 16:46:43.532
^^.js:140 ⛏️ Sent transaction ⛏ undefined/tx/0xbb5ac193415812ac3c19c6c3383b27f5c8cdf26bfd7b856edd44afe2ad3be08b
^^.js:35 => 实例地址0x11e3C6044C510423815AdD138a6865f2F8a1F22F
redux-logger.js:1  action LOAD_LEVEL_INSTANCE @ 16:46:49.331
^^.js:140 ⛏️ Mined transaction ⛏ undefined/tx/0xbb5ac193415812ac3c19c6c3383b27f5c8cdf26bfd7b856edd44afe2ad3be08b
await contract.unlock(await web3.eth.getStorageAt(instance,1))
redux-logger.js:1  action SET_BLOCK_NUM @ 16:46:59.066
^^.js:140 ⛏️ Sent transaction ⛏ undefined/tx/0x3e5cd647750d2bcbb058a2d48a07d594488fc023a0dcabe1156eed60172a7a31
{tx: "0x3e5cd647750d2bcbb058a2d48a07d594488fc023a0dcabe1156eed60172a7a31", receipt: {…}, logs: Array(0)}
^^.js:140 ⛏️ Mined transaction ⛏ undefined/tx/0x3e5cd647750d2bcbb058a2d48a07d594488fc023a0dcabe1156eed60172a7a31
^^.js:45 O=('-'Q) 正在提交关卡实例... <  < <<请稍等>> >  >
redux-logger.js:1  action SUBMIT_LEVEL_INSTANCE @ 16:47:03.879
redux-logger.js:1  action SET_BLOCK_NUM @ 16:47:09.064
^^.js:140 ⛏️ Sent transaction ⛏ undefined/tx/0xf98f4dba8da704dffc3b9378d9fa23f4a73f64f9d8946a216a918ceeeceb93b6
^^.js:73 ( ͡° ͜ʖ ͡°) 牛逼！, 你通过了这关!!!
^^.js:73 ( ͡° ͜ʖ ͡°) 牛逼！, 你通过了这关!!!
^^.js:73 ( ͡° ͜ʖ ͡°) 牛逼！, 你通过了这关!!!
^^.js:73 ( ͡° ͜ʖ ͡°) 牛逼！, 你通过了这关!!!
^^.js:73 ( ͡° ͜ʖ ͡°) 牛逼！, 你通过了这关!!!
^^.js:73 ( ͡° ͜ʖ ͡°) 牛逼！, 你通过了这关!!!
^^.js:73 ( ͡° ͜ʖ ͡°) 牛逼！, 你通过了这关!!!
^^.js:140 ⛏️ Mined transaction ⛏ undefined/tx/0xf98f4dba8da704dffc3b9378d9fa23f4a73f64f9d8946a216a918ceeeceb93b6
^^.js:73 ( ͡° ͜ʖ ͡°) 牛逼！, 你通过了这关!!!
^^.js:73 ( ͡° ͜ʖ ͡°) 牛逼！, 你通过了这关!!!
^^.js:73 ( ͡° ͜ʖ ͡°) 牛逼！, 你通过了这关!!!
^^.js:73 ( ͡° ͜ʖ ͡°) 牛逼！, 你通过了这关!!!
^^.js:73 ( ͡° ͜ʖ ͡°) 牛逼！, 你通过了这关!!!
^^.js:73 ( ͡° ͜ʖ ͡°) 牛逼！, 你通过了这关!!!
^^.js:73 ( ͡° ͜ʖ ͡°) 牛逼！, 你通过了这关!!!
^^.js:73 ( ͡° ͜ʖ ͡°) 牛逼！, 你通过了这关!!!
^^.js:73 ( ͡° ͜ʖ ͡°) 牛逼！, 你通过了这关!!!
^^.js:73 ( ͡° ͜ʖ ͡°) 牛逼！, 你通过了这关!!!
^^.js:73 ( ͡° ͜ʖ ͡°) 牛逼！, 你通过了这关!!!
^^.js:73 ( ͡° ͜ʖ ͡°) 牛逼！, 你通过了这关!!!
^^.js:73 ( ͡° ͜ʖ ͡°) 牛逼！, 你通过了这关!!!
^^.js:56 
redux-logger.js:1  action SET_BLOCK_NUM @ 16:47:19.064
