^^.js:45 龴ↀ◡ↀ龴 正在从关卡获得新的实例... <  < <<请稍等>> >  >
redux-logger.js:1  action LOAD_LEVEL_INSTANCE @ 16:10:38.479
^^.js:140 ⛏️ Sent transaction ⛏ undefined/tx/0xd555709f9b6e384138a3f22385558ba8b4bdde4df936c6c75a15a050cafffa60
^^.js:35 => 实例地址0x36Fc5028BdEd2b91d166BF95123E7e3a4EC1bc88
redux-logger.js:1  action LOAD_LEVEL_INSTANCE @ 16:10:43.759
^^.js:140 ⛏️ Mined transaction ⛏ undefined/tx/0xd555709f9b6e384138a3f22385558ba8b4bdde4df936c6c75a15a050cafffa60
redux-logger.js:1  action SET_BLOCK_NUM @ 16:10:52.927


let abi = [{"inputs":[{"internalType":"uint256","name":"_time","type":"uint256"}],"name":"setTime","outputs":[],"stateMutability":"nonpayable","type":"function"}]

let byteCode = "0x" +
        "608060405234801561001057600080fd5b5060f48061001f6000396000f3fe6080604052348015600f57600080fd5b506004361060285760003560e01c80633beb26c414602d575b600080fd5b60436004803603810190603f91906096565b6045565b005b73d320e0772f6c8644bd6dc9af805b1132ca0f6d0560025550565b600080fd5b6000819050919050565b6076816065565b8114608057600080fd5b50565b600081359050609081606f565b92915050565b60006020828403121560a95760a86060565b5b600060b5848285016083565b9150509291505056fea2646970667358221220f48d52eb924ef1be14615c0fbb3e727ff318dce14f1a66b1664263acb97c3a0364736f6c63430008110033"


//deploy it
let myContract = new web3.eth.Contract(abi);
let deploy = myContract.deploy({
	data: byteCode,
	arguments: []
});
let myInstance = await deploy.send({
	from: player
});

await contract.setFirstTime(myInstance._address);
await contract.setFirstTime(1);


^^.js:140 ⛏️ Sent transaction ⛏ undefined/tx/0xffcf7f370af151fed039a75733a93c5a52d2ada2271240d450d0f6c165f85198
^^.js:140 ⛏️ Mined transaction ⛏ undefined/tx/0xffcf7f370af151fed039a75733a93c5a52d2ada2271240d450d0f6c165f85198
redux-logger.js:1  action SET_BLOCK_NUM @ 16:11:12.935
^^.js:140 ⛏️ Sent transaction ⛏ undefined/tx/0x1880a4f76397f66464869fcef3d9e15317735edcdb30fd87ed57cd6c8f2e0283
^^.js:140 ⛏️ Mined transaction ⛏ undefined/tx/0x1880a4f76397f66464869fcef3d9e15317735edcdb30fd87ed57cd6c8f2e0283
^^.js:140 ⛏️ Sent transaction ⛏ undefined/tx/0x0e09ed8d9ee16e0bae4bf8623a8c0f3523c33ab1bc1ffdb91bcdf910b78661ba
{tx: "0x0e09ed8d9ee16e0bae4bf8623a8c0f3523c33ab1bc1ffdb91bcdf910b78661ba", receipt: {…}, logs: Array(0)}
^^.js:140 ⛏️ Mined transaction ⛏ undefined/tx/0x0e09ed8d9ee16e0bae4bf8623a8c0f3523c33ab1bc1ffdb91bcdf910b78661ba
redux-logger.js:1  action SET_BLOCK_NUM @ 16:11:22.874
^^.js:45 | – _ – | 正在提交关卡实例... <  < <<请稍等>> >  >
redux-logger.js:1  action SUBMIT_LEVEL_INSTANCE @ 16:11:30.507
^^.js:140 ⛏️ Sent transaction ⛏ undefined/tx/0x59a442b05d5a448960442e2f1adbbcbadda1a00e61ab3f87da03b0ffb654e106
^^.js:73 =^..^= 牛逼！, 你通过了这关!!!
^^.js:73 =^..^= 牛逼！, 你通过了这关!!!
^^.js:73 =^..^= 牛逼！, 你通过了这关!!!
^^.js:73 =^..^= 牛逼！, 你通过了这关!!!
^^.js:73 =^..^= 牛逼！, 你通过了这关!!!
^^.js:73 =^..^= 牛逼！, 你通过了这关!!!
^^.js:73 =^..^= 牛逼！, 你通过了这关!!!
^^.js:73 =^..^= 牛逼！, 你通过了这关!!!
^^.js:73 =^..^= 牛逼！, 你通过了这关!!!
^^.js:73 =^..^= 牛逼！, 你通过了这关!!!
^^.js:73 =^..^= 牛逼！, 你通过了这关!!!
^^.js:73 =^..^= 牛逼！, 你通过了这关!!!
^^.js:73 =^..^= 牛逼！, 你通过了这关!!!
^^.js:73 =^..^= 牛逼！, 你通过了这关!!!
^^.js:73 =^..^= 牛逼！, 你通过了这关!!!
^^.js:73 =^..^= 牛逼！, 你通过了这关!!!
^^.js:73 =^..^= 牛逼！, 你通过了这关!!!
^^.js:140 ⛏️ Mined transaction ⛏ undefined/tx/0x59a442b05d5a448960442e2f1adbbcbadda1a00e61ab3f87da03b0ffb654e106
^^.js:73 =^..^= 牛逼！, 你通过了这关!!!
^^.js:73 =^..^= 牛逼！, 你通过了这关!!!
^^.js:73 =^..^= 牛逼！, 你通过了这关!!!
^^.js:56 
redux-logger.js:1  action SET_BLOCK_NUM @ 16:11:42.874
