instance
"0x184Fc673ee56533c2f14E0A44A8d841aE1E89B33"
player
"0x37bd42f4cF5785F5A36244e4800636cE5787d5e8"
redux-logger.js:1  action SET_BLOCK_NUM @ 12:34:20.003
redux-logger.js:1  action SET_BLOCK_NUM @ 12:35:39.976
redux-logger.js:1  action SET_BLOCK_NUM @ 12:36:59.927
redux-logger.js:1  action SET_GAS_PRICE @ 12:37:20.006
redux-logger.js:1  action SET_BLOCK_NUM @ 12:40:19.997
redux-logger.js:1  action SET_BLOCK_NUM @ 12:42:59.925
redux-logger.js:1  action SET_BLOCK_NUM @ 12:43:19.994
^^.js:45 ˁ(⦿ᴥ⦿)ˀ 正在提交关卡实例... <  < <<请稍等>> >  >
redux-logger.js:1  action SUBMIT_LEVEL_INSTANCE @ 12:49:20.535
^^.js:140 ⛏️ Sent transaction ⛏ undefined/tx/0x4240c29036e1b075097306fe77204494a2cf280c35f8e5c99da9ba1a7b8acd18
^^.js:73 ٩(- ̮̮̃-̃)۶ 牛逼！, 你通过了这关!!!
^^.js:73 ٩(- ̮̮̃-̃)۶ 牛逼！, 你通过了这关!!!
^^.js:73 ٩(- ̮̮̃-̃)۶ 牛逼！, 你通过了这关!!!
^^.js:73 ٩(- ̮̮̃-̃)۶ 牛逼！, 你通过了这关!!!
^^.js:73 ٩(- ̮̮̃-̃)۶ 牛逼！, 你通过了这关!!!
^^.js:73 ٩(- ̮̮̃-̃)۶ 牛逼！, 你通过了这关!!!
^^.js:73 ٩(- ̮̮̃-̃)۶ 牛逼！, 你通过了这关!!!
^^.js:73 ٩(- ̮̮̃-̃)۶ 牛逼！, 你通过了这关!!!
^^.js:140 ⛏️ Mined transaction ⛏ undefined/tx/0x4240c29036e1b075097306fe77204494a2cf280c35f8e5c99da9ba1a7b8acd18
^^.js:73 ٩(- ̮̮̃-̃)۶ 牛逼！, 你通过了这关!!!
^^.js:73 ٩(- ̮̮̃-̃)۶ 牛逼！, 你通过了这关!!!
^^.js:73 ٩(- ̮̮̃-̃)۶ 牛逼！, 你通过了这关!!!
^^.js:73 ٩(- ̮̮̃-̃)۶ 牛逼！, 你通过了这关!!!
^^.js:73 ٩(- ̮̮̃-̃)۶ 牛逼！, 你通过了这关!!!
^^.js:73 ٩(- ̮̮̃-̃)۶ 牛逼！, 你通过了这关!!!
^^.js:73 ٩(- ̮̮̃-̃)۶ 牛逼！, 你通过了这关!!!
^^.js:73 ٩(- ̮̮̃-̃)۶ 牛逼！, 你通过了这关!!!
^^.js:73 ٩(- ̮̮̃-̃)۶ 牛逼！, 你通过了这关!!!
^^.js:73 ٩(- ̮̮̃-̃)۶ 牛逼！, 你通过了这关!!!
^^.js:73 ٩(- ̮̮̃-̃)۶ 牛逼！, 你通过了这关!!!
^^.js:73 ٩(- ̮̮̃-̃)۶ 牛逼！, 你通过了这关!!!
^^.js:56 
redux-logger.js:1  action SET_BLOCK_NUM @ 12:49:29.693
