await web3.eth.getStorageAt(instance, "0x360894a13ba1a3210667c828492db98dca3e2076cc3735a920a3ca505d382bbc")
"0x00000000000000000000000067ee3f5247563be8e80736d920c8b6e6946f2064"
await web3.utils.toChecksumAddress("0x67ee3f5247563be8e80736d920c8b6e6946f2064")
"0x67eE3F5247563Be8E80736d920c8B6E6946F2064"
^^.js:45 ˁ(⦿ᴥ⦿)ˀ 正在提交关卡实例... <  < <<请稍等>> >  >
redux-logger.js:1  action SUBMIT_LEVEL_INSTANCE @ 09:57:49.300
^^.js:140 ⛏️ Sent transaction ⛏ undefined/tx/0x25049cb43f8b6ccf3d2b74fcd5e35d8e9925749f57e701075df5432ef49869d3
^^.js:73 ( ͡° ͜ʖ ͡°) 牛逼！, 你通过了这关!!!
^^.js:73 ( ͡° ͜ʖ ͡°) 牛逼！, 你通过了这关!!!
^^.js:73 ( ͡° ͜ʖ ͡°) 牛逼！, 你通过了这关!!!
^^.js:73 ( ͡° ͜ʖ ͡°) 牛逼！, 你通过了这关!!!
^^.js:73 ( ͡° ͜ʖ ͡°) 牛逼！, 你通过了这关!!!
^^.js:73 ( ͡° ͜ʖ ͡°) 牛逼！, 你通过了这关!!!
^^.js:73 ( ͡° ͜ʖ ͡°) 牛逼！, 你通过了这关!!!
^^.js:73 ( ͡° ͜ʖ ͡°) 牛逼！, 你通过了这关!!!
^^.js:73 ( ͡° ͜ʖ ͡°) 牛逼！, 你通过了这关!!!
^^.js:73 ( ͡° ͜ʖ ͡°) 牛逼！, 你通过了这关!!!
^^.js:73 ( ͡° ͜ʖ ͡°) 牛逼！, 你通过了这关!!!
^^.js:73 ( ͡° ͜ʖ ͡°) 牛逼！, 你通过了这关!!!
^^.js:73 ( ͡° ͜ʖ ͡°) 牛逼！, 你通过了这关!!!
^^.js:73 ( ͡° ͜ʖ ͡°) 牛逼！, 你通过了这关!!!
redux-logger.js:1  action SUBMIT_LEVEL_INSTANCE @ 09:58:01.321
^^.js:73 ( ͡° ͜ʖ ͡°) 牛逼！, 你通过了这关!!!
^^.js:140 ⛏️ Mined transaction ⛏ undefined/tx/0x25049cb43f8b6ccf3d2b74fcd5e35d8e9925749f57e701075df5432ef49869d3
^^.js:73 ( ͡° ͜ʖ ͡°) 牛逼！, 你通过了这关!!!
^^.js:73 ( ͡° ͜ʖ ͡°) 牛逼！, 你通过了这关!!!
^^.js:73 ( ͡° ͜ʖ ͡°) 牛逼！, 你通过了这关!!!
^^.js:73 ( ͡° ͜ʖ ͡°) 牛逼！, 你通过了这关!!!
^^.js:73 ( ͡° ͜ʖ ͡°) 牛逼！, 你通过了这关!!!
^^.js:56 
redux-logger.js:1  action SET_BLOCK_NUM @ 09:58:10.873
