instance
"0xE699Df4Db4104418246a307e4c3F3026C943E34f"
redux-logger.js:1  action SET_BLOCK_NUM @ 13:42:24.329
redux-logger.js:1  action SET_BLOCK_NUM @ 13:42:44.330
redux-logger.js:1  action SET_GAS_PRICE @ 13:43:54.331
^^.js:45 =^..^= 正在提交关卡实例... <  < <<请稍等>> >  >
redux-logger.js:1  action SUBMIT_LEVEL_INSTANCE @ 13:53:03.784
redux-logger.js:1  action SET_BLOCK_NUM @ 13:53:05.421
^^.js:140 ⛏️ Sent transaction ⛏ undefined/tx/0xc03b9457afb2565da1ef76284054ddd97387da19a572bdf8d159bc4a740ae213
^^.js:73 ☚ (<‿<)☚ 牛逼！, 你通过了这关!!!
^^.js:73 ☚ (<‿<)☚ 牛逼！, 你通过了这关!!!
^^.js:73 ☚ (<‿<)☚ 牛逼！, 你通过了这关!!!
^^.js:73 ☚ (<‿<)☚ 牛逼！, 你通过了这关!!!
^^.js:73 ☚ (<‿<)☚ 牛逼！, 你通过了这关!!!
^^.js:73 ☚ (<‿<)☚ 牛逼！, 你通过了这关!!!
^^.js:73 ☚ (<‿<)☚ 牛逼！, 你通过了这关!!!
redux-logger.js:1  action SUBMIT_LEVEL_INSTANCE @ 13:53:09.469
^^.js:73 ☚ (<‿<)☚ 牛逼！, 你通过了这关!!!
^^.js:73 ☚ (<‿<)☚ 牛逼！, 你通过了这关!!!
^^.js:73 ☚ (<‿<)☚ 牛逼！, 你通过了这关!!!
^^.js:140 ⛏️ Mined transaction ⛏ undefined/tx/0xc03b9457afb2565da1ef76284054ddd97387da19a572bdf8d159bc4a740ae213
^^.js:73 ☚ (<‿<)☚ 牛逼！, 你通过了这关!!!
^^.js:73 ☚ (<‿<)☚ 牛逼！, 你通过了这关!!!
^^.js:73 ☚ (<‿<)☚ 牛逼！, 你通过了这关!!!
^^.js:73 ☚ (<‿<)☚ 牛逼！, 你通过了这关!!!
^^.js:73 ☚ (<‿<)☚ 牛逼！, 你通过了这关!!!
^^.js:73 ☚ (<‿<)☚ 牛逼！, 你通过了这关!!!
^^.js:73 ☚ (<‿<)☚ 牛逼！, 你通过了这关!!!
^^.js:73 ☚ (<‿<)☚ 牛逼！, 你通过了这关!!!
^^.js:73 ☚ (<‿<)☚ 牛逼！, 你通过了这关!!!
^^.js:73 ☚ (<‿<)☚ 牛逼！, 你通过了这关!!!
^^.js:56 
redux-logger.js:1  action SET_BLOCK_NUM @ 13:53:14.470
